This is pdfTeX, Version 3.141592653-2.6-1.40.26 (TeX Live 2024) (preloaded format=pdflatex 2024.4.28)  14 AUG 2025 19:38
entering extended mode
 restricted \write18 enabled.
 %&-line parsing enabled.
**_macros.tex
(./_macros.tex
LaTeX2e <2023-11-01> patch level 1
L3 programming layer <2024-02-20>

! LaTeX Error: Command \sb already defined.
               Or name \end... illegal, see p.192 of the manual.

See the LaTeX manual or LaTeX Companion for explanation.
Type  H <return>  for immediate help.
 ...                                              
                                                  
l.20 \newcommand{\sb}{\bm{s}}
                             
Your command was ignored.
Type  I <command> <return>  to replace it with another command,
or  <return>  to continue without it.

)
Runaway argument?
{\widehat {\tau ^{*}} \newcommand {\alphah }{\widehat {\alpha }} \newcommand \E
TC.
! File ended while scanning use of \@argdef.
<inserted text> 
                \par 
<*> _macros.tex
               
I suspect you have forgotten a `}', causing me
to read past where you wanted me to stop.
I'll try to recover; but if the error is serious,
you'd better type `E' or `X' now and fix your file.

! Emergency stop.
<*> _macros.tex
               
*** (job aborted, no legal \end found)

 
Here is how much of TeX's memory you used:
 90 strings out of 474116
 651 string characters out of 5743682
 1925187 words of memory out of 5000000
 22550 multiletter control sequences out of 15000+600000
 558069 words of font info for 36 fonts, out of 8000000 for 9000
 1141 hyphenation exceptions out of 8191
 12i,0n,13p,67b,14s stack positions out of 10000i,1000n,20000p,200000b,200000s
!  ==> Fatal error occurred, no output PDF file produced!
